# JRE version: OpenJDK Runtime Environment (21.0.8) (build 21.0.8+-14018985-b1038.68)
# Java VM: OpenJDK 64-Bit Server VM (21.0.8+-14018985-b1038.68, mixed mode, tiered, compressed oops, compressed class ptrs, g1 gc, windows-amd64)
GC Precious Log:
 CardTable entry size: 512
 Card Set container configuration: InlinePtr #cards 5 size 8 Array Of Cards #cards 12 size 40 Howl #buckets 4 coarsen threshold 1843 Howl Bitmap #cards 512 size 80 coarsen threshold 460 Card regions per heap region 1 cards per card region 2048
 CPUs: 4 total, 4 available
 Memory: 8087M
 Large Page Support: Disabled
 NUMA Support: Disabled
 Compressed Oops: Enabled (32-bit)
 Heap Region Size: 1M
 Heap Min Capacity: 8M
 Heap Initial Capacity: 128M
 Heap Max Capacity: 2G
 Pre-touch: Disabled
 Parallel Workers: 4
 Concurrent Workers: 1
 Concurrent Refinement Workers: 4
 Periodic GC: Disabled
Heap:
 garbage-first heap   total 347136K, used 193571K [0x0000000080000000, 0x0000000100000000)
  region size 1024K, 8 young (8192K), 2 survivors (2048K)
 Metaspace       used 198855K, committed 202880K, reserved 1245184K
  class space    used 25192K, committed 27072K, reserved 1048576K
GC Heap History (20 events):
Event: 1026.210 GC heap before
{Heap before GC invocations=69 (full 0):
 garbage-first heap   total 347136K, used 323943K [0x0000000080000000, 0x0000000100000000)
  region size 1024K, 118 young (120832K), 3 survivors (3072K)
 Metaspace       used 199542K, committed 202432K, reserved 1245184K
  class space    used 25658K, committed 27072K, reserved 1048576K
}
Event: 1026.311 GC heap after
{Heap after GC invocations=70 (full 0):
 garbage-first heap   total 347136K, used 206475K [0x0000000080000000, 0x0000000100000000)
  region size 1024K, 3 young (3072K), 3 survivors (3072K)
 Metaspace       used 199542K, committed 202432K, reserved 1245184K
  class space    used 25658K, committed 27072K, reserved 1048576K
}
Event: 1155.914 GC heap before
{Heap before GC invocations=70 (full 0):
 garbage-first heap   total 347136K, used 323211K [0x0000000080000000, 0x0000000100000000)
  region size 1024K, 118 young (120832K), 3 survivors (3072K)
 Metaspace       used 199869K, committed 202688K, reserved 1245184K
  class space    used 25670K, committed 27072K, reserved 1048576K
}
Event: 1156.006 GC heap after
{Heap after GC invocations=71 (full 0):
 garbage-first heap   total 347136K, used 210932K [0x0000000080000000, 0x0000000100000000)
  region size 1024K, 13 young (13312K), 13 survivors (13312K)
 Metaspace       used 199869K, committed 202688K, reserved 1245184K
  class space    used 25670K, committed 27072K, reserved 1048576K
}
Event: 6295.681 GC heap before
{Heap before GC invocations=71 (full 0):
 garbage-first heap   total 347136K, used 313332K [0x0000000080000000, 0x0000000100000000)
  region size 1024K, 114 young (116736K), 13 survivors (13312K)
 Metaspace       used 199993K, committed 202880K, reserved 1245184K
  class space    used 25670K, committed 27072K, reserved 1048576K
}
Event: 6304.188 GC heap after
{Heap after GC invocations=72 (full 0):
 garbage-first heap   total 347136K, used 203220K [0x0000000080000000, 0x0000000100000000)
  region size 1024K, 2 young (2048K), 2 survivors (2048K)
 Metaspace       used 199993K, committed 202880K, reserved 1245184K
  class space    used 25670K, committed 27072K, reserved 1048576K
}
Event: 7071.775 GC heap before
{Heap before GC invocations=73 (full 0):
 garbage-first heap   total 347136K, used 217556K [0x0000000080000000, 0x0000000100000000)
  region size 1024K, 16 young (16384K), 2 survivors (2048K)
 Metaspace       used 195335K, committed 202752K, reserved 1245184K
  class space    used 24576K, committed 27072K, reserved 1048576K
}
Event: 7071.863 GC heap after
{Heap after GC invocations=74 (full 0):
 garbage-first heap   total 347136K, used 202243K [0x0000000080000000, 0x0000000100000000)
  region size 1024K, 1 young (1024K), 1 survivors (1024K)
 Metaspace       used 195335K, committed 202752K, reserved 1245184K
  class space    used 24576K, committed 27072K, reserved 1048576K
}
Event: 7961.661 GC heap before
{Heap before GC invocations=74 (full 0):
 garbage-first heap   total 347136K, used 217603K [0x0000000080000000, 0x0000000100000000)
  region size 1024K, 16 young (16384K), 1 survivors (1024K)
 Metaspace       used 195335K, committed 202752K, reserved 1245184K
  class space    used 24576K, committed 27072K, reserved 1048576K
}
Event: 7964.286 GC heap after
{Heap after GC invocations=75 (full 0):
 garbage-first heap   total 347136K, used 197512K [0x0000000080000000, 0x0000000100000000)
  region size 1024K, 1 young (1024K), 1 survivors (1024K)
 Metaspace       used 195335K, committed 202752K, reserved 1245184K
  class space    used 24576K, committed 27072K, reserved 1048576K
}
Event: 8851.024 GC heap before
{Heap before GC invocations=75 (full 0):
 garbage-first heap   total 347136K, used 212872K [0x0000000080000000, 0x0000000100000000)
  region size 1024K, 16 young (16384K), 1 survivors (1024K)
 Metaspace       used 195335K, committed 202752K, reserved 1245184K
  class space    used 24576K, committed 27072K, reserved 1048576K
}
Event: 8855.334 GC heap after
{Heap after GC invocations=76 (full 0):
 garbage-first heap   total 347136K, used 194168K [0x0000000080000000, 0x0000000100000000)
  region size 1024K, 1 young (1024K), 1 survivors (1024K)
 Metaspace       used 195335K, committed 202752K, reserved 1245184K
  class space    used 24576K, committed 27072K, reserved 1048576K
}
Event: 9082.959 GC heap before
{Heap before GC invocations=76 (full 0):
 garbage-first heap   total 347136K, used 208504K [0x0000000080000000, 0x0000000100000000)
  region size 1024K, 16 young (16384K), 1 survivors (1024K)
 Metaspace       used 196040K, committed 202752K, reserved 1245184K
  class space    used 24715K, committed 27072K, reserved 1048576K
}
Event: 9087.801 GC heap after
{Heap after GC invocations=77 (full 0):
 garbage-first heap   total 347136K, used 192993K [0x0000000080000000, 0x0000000100000000)
  region size 1024K, 2 young (2048K), 2 survivors (2048K)
 Metaspace       used 196040K, committed 202752K, reserved 1245184K
  class space    used 24715K, committed 27072K, reserved 1048576K
}
Event: 9147.364 GC heap before
{Heap before GC invocations=77 (full 0):
 garbage-first heap   total 347136K, used 206305K [0x0000000080000000, 0x0000000100000000)
  region size 1024K, 16 young (16384K), 2 survivors (2048K)
 Metaspace       used 198277K, committed 202880K, reserved 1245184K
  class space    used 25122K, committed 27072K, reserved 1048576K
}
Event: 9156.320 GC heap after
{Heap after GC invocations=78 (full 0):
 garbage-first heap   total 347136K, used 191310K [0x0000000080000000, 0x0000000100000000)
  region size 1024K, 1 young (1024K), 1 survivors (1024K)
 Metaspace       used 198277K, committed 202880K, reserved 1245184K
  class space    used 25122K, committed 27072K, reserved 1048576K
}
Event: 9173.912 GC heap before
{Heap before GC invocations=78 (full 0):
 garbage-first heap   total 347136K, used 206670K [0x0000000080000000, 0x0000000100000000)
  region size 1024K, 16 young (16384K), 1 survivors (1024K)
 Metaspace       used 198570K, committed 202880K, reserved 1245184K
  class space    used 25147K, committed 27072K, reserved 1048576K
}
Event: 9184.597 GC heap after
{Heap after GC invocations=79 (full 0):
 garbage-first heap   total 347136K, used 189926K [0x0000000080000000, 0x0000000100000000)
  region size 1024K, 2 young (2048K), 2 survivors (2048K)
 Metaspace       used 198570K, committed 202880K, reserved 1245184K
  class space    used 25147K, committed 27072K, reserved 1048576K
}
Event: 9185.464 GC heap before
{Heap before GC invocations=79 (full 0):
 garbage-first heap   total 347136K, used 204262K [0x0000000080000000, 0x0000000100000000)
  region size 1024K, 16 young (16384K), 2 survivors (2048K)
 Metaspace       used 198598K, committed 202880K, reserved 1245184K
  class space    used 25147K, committed 27072K, reserved 1048576K
}
Event: 9192.320 GC heap after
{Heap after GC invocations=80 (full 0):
 garbage-first heap   total 347136K, used 188451K [0x0000000080000000, 0x0000000100000000)
  region size 1024K, 2 young (2048K), 2 survivors (2048K)
 Metaspace       used 198598K, committed 202880K, reserved 1245184K
  class space    used 25147K, committed 27072K, reserved 1048576K
}

